<?xml version="1.0" encoding="UTF-8"?>
<testsuite name="main027.server.domain.bookmark.repository.BookmarkRepositoryTest" tests="1" skipped="0" failures="0" errors="0" timestamp="2023-01-16T01:44:12" hostname="itsowavy.local" time="0.045">
  <properties/>
  <testcase name="findBookmarks()" classname="main027.server.domain.bookmark.repository.BookmarkRepositoryTest" time="0.045"/>
  <system-out><![CDATA[2023-01-16 10:44:12.623  INFO 6137 --- [    Test worker] b.t.a.o.j.DataJpaTestContextBootstrapper : Neither @ContextConfiguration nor @ContextHierarchy found for test class [main027.server.domain.bookmark.repository.BookmarkRepositoryTest], using SpringBootContextLoader
2023-01-16 10:44:12.624  INFO 6137 --- [    Test worker] o.s.t.c.support.AbstractContextLoader    : Could not detect default resource locations for test class [main027.server.domain.bookmark.repository.BookmarkRepositoryTest]: no resource found for suffixes {-context.xml, Context.groovy}.
2023-01-16 10:44:12.624  INFO 6137 --- [    Test worker] t.c.s.AnnotationConfigContextLoaderUtils : Could not detect default configuration classes for test class [main027.server.domain.bookmark.repository.BookmarkRepositoryTest]: BookmarkRepositoryTest does not declare any static, non-private, non-final, nested classes annotated with @Configuration.
2023-01-16 10:44:12.630  INFO 6137 --- [    Test worker] .b.t.c.SpringBootTestContextBootstrapper : Found @SpringBootConfiguration main027.server.ServerApplication for test class main027.server.domain.bookmark.repository.BookmarkRepositoryTest
2023-01-16 10:44:12.630  INFO 6137 --- [    Test worker] b.t.a.o.j.DataJpaTestContextBootstrapper : Loaded default TestExecutionListener class names from location [META-INF/spring.factories]: [org.springframework.security.test.context.support.WithSecurityContextTestExecutionListener, org.springframework.security.test.context.support.ReactorContextTestExecutionListener, org.springframework.boot.test.autoconfigure.restdocs.RestDocsTestExecutionListener, org.springframework.boot.test.autoconfigure.web.client.MockRestServiceServerResetTestExecutionListener, org.springframework.boot.test.autoconfigure.web.servlet.MockMvcPrintOnlyOnFailureTestExecutionListener, org.springframework.boot.test.autoconfigure.web.servlet.WebDriverTestExecutionListener, org.springframework.boot.test.autoconfigure.webservices.client.MockWebServiceServerTestExecutionListener, org.springframework.boot.test.mock.mockito.MockitoTestExecutionListener, org.springframework.boot.test.mock.mockito.ResetMocksTestExecutionListener, org.springframework.test.context.web.ServletTestExecutionListener, org.springframework.test.context.support.DirtiesContextBeforeModesTestExecutionListener, org.springframework.test.context.event.ApplicationEventsTestExecutionListener, org.springframework.test.context.support.DependencyInjectionTestExecutionListener, org.springframework.test.context.support.DirtiesContextTestExecutionListener, org.springframework.test.context.transaction.TransactionalTestExecutionListener, org.springframework.test.context.jdbc.SqlScriptsTestExecutionListener, org.springframework.test.context.event.EventPublishingTestExecutionListener]
2023-01-16 10:44:12.631  INFO 6137 --- [    Test worker] b.t.a.o.j.DataJpaTestContextBootstrapper : Using TestExecutionListeners: [org.springframework.test.context.web.ServletTestExecutionListener@36e7b91c, org.springframework.test.context.support.DirtiesContextBeforeModesTestExecutionListener@630a647c, org.springframework.test.context.event.ApplicationEventsTestExecutionListener@1dcfbad1, org.springframework.boot.test.mock.mockito.MockitoTestExecutionListener@19e5e846, org.springframework.boot.test.autoconfigure.SpringBootDependencyInjectionTestExecutionListener@12418d3f, org.springframework.test.context.support.DirtiesContextTestExecutionListener@2258228f, org.springframework.test.context.transaction.TransactionalTestExecutionListener@42210d27, org.springframework.test.context.jdbc.SqlScriptsTestExecutionListener@74307afd, org.springframework.security.test.context.support.WithSecurityContextTestExecutionListener@6a063931, org.springframework.test.context.event.EventPublishingTestExecutionListener@9a932a4, org.springframework.security.test.context.support.ReactorContextTestExecutionListener@43ab4e83, org.springframework.boot.test.autoconfigure.restdocs.RestDocsTestExecutionListener@343b3399, org.springframework.boot.test.autoconfigure.web.client.MockRestServiceServerResetTestExecutionListener@6f2f4b9e, org.springframework.boot.test.autoconfigure.web.servlet.MockMvcPrintOnlyOnFailureTestExecutionListener@2f5378cd, org.springframework.boot.test.autoconfigure.web.servlet.WebDriverTestExecutionListener@3695e4f2, org.springframework.boot.test.autoconfigure.webservices.client.MockWebServiceServerTestExecutionListener@5bdfae42, org.springframework.boot.test.mock.mockito.ResetMocksTestExecutionListener@4e396d1c]

  .   ____          _            __ _ _
 /\\ / ___'_ __ _ _(_)_ __  __ _ \ \ \ \
( ( )\___ | '_ | '_| | '_ \/ _` | \ \ \ \
 \\/  ___)| |_)| | | | | || (_| |  ) ) ) )
  '  |____| .__|_| |_|_| |_\__, | / / / /
 =========|_|==============|___/=/_/_/_/
 :: Spring Boot ::                (v2.7.7)

2023-01-16 10:44:12.645  INFO 6137 --- [    Test worker] m.s.d.b.r.BookmarkRepositoryTest         : Starting BookmarkRepositoryTest using Java 17.0.5 on itsowavy.local with PID 6137 (started by seongseunghun in /Users/seongseunghun/Desktop/Repository/seb41_main_027/server)
2023-01-16 10:44:12.646  INFO 6137 --- [    Test worker] m.s.d.b.r.BookmarkRepositoryTest         : No active profile set, falling back to 1 default profile: "default"
2023-01-16 10:44:12.686  INFO 6137 --- [    Test worker] .s.d.r.c.RepositoryConfigurationDelegate : Bootstrapping Spring Data JPA repositories in DEFAULT mode.
2023-01-16 10:44:12.699  INFO 6137 --- [    Test worker] .s.d.r.c.RepositoryConfigurationDelegate : Finished Spring Data repository scanning in 12 ms. Found 5 JPA repository interfaces.
2023-01-16 10:44:12.704  INFO 6137 --- [    Test worker] beddedDataSourceBeanFactoryPostProcessor : Replacing 'dataSource' DataSource bean with embedded version
2023-01-16 10:44:12.718  INFO 6137 --- [    Test worker] o.s.j.d.e.EmbeddedDatabaseFactory        : Starting embedded database: url='jdbc:h2:mem:02cfdb50-0011-4c71-b4cc-cdf251250b0d;DB_CLOSE_DELAY=-1;DB_CLOSE_ON_EXIT=false', username='sa'
2023-01-16 10:44:12.744  INFO 6137 --- [    Test worker] o.hibernate.jpa.internal.util.LogHelper  : HHH000204: Processing PersistenceUnitInfo [name: default]
2023-01-16 10:44:12.746  INFO 6137 --- [    Test worker] org.hibernate.dialect.Dialect            : HHH000400: Using dialect: org.hibernate.dialect.H2Dialect
2023-01-16 10:44:12.796 DEBUG 6137 --- [    Test worker] org.hibernate.SQL                        : drop table if exists bookmark CASCADE 
Hibernate: drop table if exists bookmark CASCADE 
2023-01-16 10:44:12.797 DEBUG 6137 --- [    Test worker] org.hibernate.SQL                        : drop table if exists category CASCADE 
Hibernate: drop table if exists category CASCADE 
2023-01-16 10:44:12.797 DEBUG 6137 --- [    Test worker] org.hibernate.SQL                        : drop table if exists emoji CASCADE 
Hibernate: drop table if exists emoji CASCADE 
2023-01-16 10:44:12.797 DEBUG 6137 --- [    Test worker] org.hibernate.SQL                        : drop table if exists member CASCADE 
Hibernate: drop table if exists member CASCADE 
2023-01-16 10:44:12.797 DEBUG 6137 --- [    Test worker] org.hibernate.SQL                        : drop table if exists member_roles CASCADE 
Hibernate: drop table if exists member_roles CASCADE 
2023-01-16 10:44:12.797 DEBUG 6137 --- [    Test worker] org.hibernate.SQL                        : drop table if exists place CASCADE 
Hibernate: drop table if exists place CASCADE 
2023-01-16 10:44:12.797 DEBUG 6137 --- [    Test worker] org.hibernate.SQL                        : drop table if exists place_like_user CASCADE 
Hibernate: drop table if exists place_like_user CASCADE 
2023-01-16 10:44:12.797 DEBUG 6137 --- [    Test worker] org.hibernate.SQL                        : drop table if exists review CASCADE 
Hibernate: drop table if exists review CASCADE 
2023-01-16 10:44:12.798 DEBUG 6137 --- [    Test worker] org.hibernate.SQL                        : create table bookmark (bookmark_id bigint generated by default as identity, member_id bigint, place_id bigint, primary key (bookmark_id))
Hibernate: create table bookmark (bookmark_id bigint generated by default as identity, member_id bigint, place_id bigint, primary key (bookmark_id))
2023-01-16 10:44:12.798 DEBUG 6137 --- [    Test worker] org.hibernate.SQL                        : create table category (category_id bigint generated by default as identity, name varchar(255) not null, primary key (category_id))
Hibernate: create table category (category_id bigint generated by default as identity, name varchar(255) not null, primary key (category_id))
2023-01-16 10:44:12.799 DEBUG 6137 --- [    Test worker] org.hibernate.SQL                        : create table emoji (emoji_id bigint generated by default as identity, name varchar(255) not null, primary key (emoji_id))
Hibernate: create table emoji (emoji_id bigint generated by default as identity, name varchar(255) not null, primary key (emoji_id))
2023-01-16 10:44:12.799 DEBUG 6137 --- [    Test worker] org.hibernate.SQL                        : create table member (member_id bigint generated by default as identity, created_at timestamp, modified_at timestamp, email varchar(255) not null, member_status varchar(255), nick_name varchar(255) not null, password varchar(100) not null, primary key (member_id))
Hibernate: create table member (member_id bigint generated by default as identity, created_at timestamp, modified_at timestamp, email varchar(255) not null, member_status varchar(255), nick_name varchar(255) not null, password varchar(100) not null, primary key (member_id))
2023-01-16 10:44:12.800 DEBUG 6137 --- [    Test worker] org.hibernate.SQL                        : create table member_roles (member_member_id bigint not null, roles varchar(255))
Hibernate: create table member_roles (member_member_id bigint not null, roles varchar(255))
2023-01-16 10:44:12.800 DEBUG 6137 --- [    Test worker] org.hibernate.SQL                        : create table place (place_id bigint generated by default as identity, created_at timestamp, modified_at timestamp, address varchar(255) not null, description TEXT not null, kakao_id bigint, latitude varchar(255), longitude varchar(255), name varchar(255) not null, category_id bigint, member_id bigint, primary key (place_id))
Hibernate: create table place (place_id bigint generated by default as identity, created_at timestamp, modified_at timestamp, address varchar(255) not null, description TEXT not null, kakao_id bigint, latitude varchar(255), longitude varchar(255), name varchar(255) not null, category_id bigint, member_id bigint, primary key (place_id))
2023-01-16 10:44:12.800 DEBUG 6137 --- [    Test worker] org.hibernate.SQL                        : create table place_like_user (place_liker_user_id bigint generated by default as identity, member_id bigint, place_id bigint, primary key (place_liker_user_id))
Hibernate: create table place_like_user (place_liker_user_id bigint generated by default as identity, member_id bigint, place_id bigint, primary key (place_liker_user_id))
2023-01-16 10:44:12.801 DEBUG 6137 --- [    Test worker] org.hibernate.SQL                        : create table review (review_id bigint generated by default as identity, created_at timestamp, modified_at timestamp, content varchar(40), emoji_id bigint, member_id bigint, place_id bigint, primary key (review_id))
Hibernate: create table review (review_id bigint generated by default as identity, created_at timestamp, modified_at timestamp, content varchar(40), emoji_id bigint, member_id bigint, place_id bigint, primary key (review_id))
2023-01-16 10:44:12.801 DEBUG 6137 --- [    Test worker] org.hibernate.SQL                        : alter table category add constraint UK_46ccwnsi9409t36lurvtyljak unique (name)
Hibernate: alter table category add constraint UK_46ccwnsi9409t36lurvtyljak unique (name)
2023-01-16 10:44:12.802 DEBUG 6137 --- [    Test worker] org.hibernate.SQL                        : alter table emoji add constraint UK_am03f2n6254h5vxpxuh2sxes5 unique (name)
Hibernate: alter table emoji add constraint UK_am03f2n6254h5vxpxuh2sxes5 unique (name)
2023-01-16 10:44:12.802 DEBUG 6137 --- [    Test worker] org.hibernate.SQL                        : alter table member add constraint UK_mbmcqelty0fbrvxp1q58dn57t unique (email)
Hibernate: alter table member add constraint UK_mbmcqelty0fbrvxp1q58dn57t unique (email)
2023-01-16 10:44:12.802 DEBUG 6137 --- [    Test worker] org.hibernate.SQL                        : alter table member add constraint UK_f3xpkeiwuq8kwkt45lkvanwsd unique (nick_name)
Hibernate: alter table member add constraint UK_f3xpkeiwuq8kwkt45lkvanwsd unique (nick_name)
2023-01-16 10:44:12.803 DEBUG 6137 --- [    Test worker] org.hibernate.SQL                        : alter table bookmark add constraint FK5bm7rup91j277mc7gg63akie2 foreign key (member_id) references member
Hibernate: alter table bookmark add constraint FK5bm7rup91j277mc7gg63akie2 foreign key (member_id) references member
2023-01-16 10:44:12.803 DEBUG 6137 --- [    Test worker] org.hibernate.SQL                        : alter table bookmark add constraint FKqjh38bk3dhbpx0m38ggak69pj foreign key (place_id) references place
Hibernate: alter table bookmark add constraint FKqjh38bk3dhbpx0m38ggak69pj foreign key (place_id) references place
2023-01-16 10:44:12.804 DEBUG 6137 --- [    Test worker] org.hibernate.SQL                        : alter table member_roles add constraint FKruptm2dtwl95mfks4bnhv828k foreign key (member_member_id) references member
Hibernate: alter table member_roles add constraint FKruptm2dtwl95mfks4bnhv828k foreign key (member_member_id) references member
2023-01-16 10:44:12.805 DEBUG 6137 --- [    Test worker] org.hibernate.SQL                        : alter table place add constraint FK3297dq7rblawjc9n4kx9htui4 foreign key (category_id) references category
Hibernate: alter table place add constraint FK3297dq7rblawjc9n4kx9htui4 foreign key (category_id) references category
2023-01-16 10:44:12.805 DEBUG 6137 --- [    Test worker] org.hibernate.SQL                        : alter table place add constraint FKj4pj4ppbjeib1pocvwcxhmlnx foreign key (member_id) references member
Hibernate: alter table place add constraint FKj4pj4ppbjeib1pocvwcxhmlnx foreign key (member_id) references member
2023-01-16 10:44:12.806 DEBUG 6137 --- [    Test worker] org.hibernate.SQL                        : alter table place_like_user add constraint FK7qxfl044osgdo9ygw28rgmour foreign key (member_id) references member
Hibernate: alter table place_like_user add constraint FK7qxfl044osgdo9ygw28rgmour foreign key (member_id) references member
2023-01-16 10:44:12.806 DEBUG 6137 --- [    Test worker] org.hibernate.SQL                        : alter table place_like_user add constraint FKnu02ykdu2hbnbdtgy0rod02di foreign key (place_id) references place
Hibernate: alter table place_like_user add constraint FKnu02ykdu2hbnbdtgy0rod02di foreign key (place_id) references place
2023-01-16 10:44:12.807 DEBUG 6137 --- [    Test worker] org.hibernate.SQL                        : alter table review add constraint FK7m7lmmkl6vqqwyjvheskskylx foreign key (emoji_id) references emoji
Hibernate: alter table review add constraint FK7m7lmmkl6vqqwyjvheskskylx foreign key (emoji_id) references emoji
2023-01-16 10:44:12.808 DEBUG 6137 --- [    Test worker] org.hibernate.SQL                        : alter table review add constraint FKk0ccx5i4ci2wd70vegug074w1 foreign key (member_id) references member
Hibernate: alter table review add constraint FKk0ccx5i4ci2wd70vegug074w1 foreign key (member_id) references member
2023-01-16 10:44:12.808 DEBUG 6137 --- [    Test worker] org.hibernate.SQL                        : alter table review add constraint FKn429agmmvh298piqrnnd4gbfg foreign key (place_id) references place
Hibernate: alter table review add constraint FKn429agmmvh298piqrnnd4gbfg foreign key (place_id) references place
2023-01-16 10:44:12.810  INFO 6137 --- [    Test worker] o.h.e.t.j.p.i.JtaPlatformInitiator       : HHH000490: Using JtaPlatform implementation: [org.hibernate.engine.transaction.jta.platform.internal.NoJtaPlatform]
2023-01-16 10:44:12.810  INFO 6137 --- [    Test worker] j.LocalContainerEntityManagerFactoryBean : Initialized JPA EntityManagerFactory for persistence unit 'default'
2023-01-16 10:44:12.902  INFO 6137 --- [    Test worker] m.s.d.b.r.BookmarkRepositoryTest         : Started BookmarkRepositoryTest in 0.27 seconds (JVM running for 4.74)
2023-01-16 10:44:12.906 DEBUG 6137 --- [    Test worker] o.s.orm.jpa.JpaTransactionManager        : Creating new transaction with name [org.springframework.data.jpa.repository.support.SimpleJpaRepository.save]: PROPAGATION_REQUIRED,ISOLATION_DEFAULT
2023-01-16 10:44:12.906 DEBUG 6137 --- [    Test worker] o.s.orm.jpa.JpaTransactionManager        : Opened new EntityManager [SessionImpl(1701052681<open>)] for JPA transaction
2023-01-16 10:44:12.906 DEBUG 6137 --- [    Test worker] o.s.orm.jpa.JpaTransactionManager        : Exposing JPA transaction as JDBC [org.springframework.orm.jpa.vendor.HibernateJpaDialect$HibernateConnectionHandle@5327c503]
2023-01-16 10:44:12.906 TRACE 6137 --- [    Test worker] o.s.t.i.TransactionInterceptor           : Getting transaction for [org.springframework.data.jpa.repository.support.SimpleJpaRepository.save]
2023-01-16 10:44:12.919 DEBUG 6137 --- [    Test worker] org.hibernate.SQL                        : insert into member (member_id, created_at, modified_at, email, member_status, nick_name, password) values (default, ?, ?, ?, ?, ?, ?)
Hibernate: insert into member (member_id, created_at, modified_at, email, member_status, nick_name, password) values (default, ?, ?, ?, ?, ?, ?)
2023-01-16 10:44:12.921 TRACE 6137 --- [    Test worker] o.s.t.i.TransactionInterceptor           : Completing transaction for [org.springframework.data.jpa.repository.support.SimpleJpaRepository.save]
2023-01-16 10:44:12.922 DEBUG 6137 --- [    Test worker] o.s.orm.jpa.JpaTransactionManager        : Initiating transaction commit
2023-01-16 10:44:12.922 DEBUG 6137 --- [    Test worker] o.s.orm.jpa.JpaTransactionManager        : Committing JPA transaction on EntityManager [SessionImpl(1701052681<open>)]
2023-01-16 10:44:12.924 DEBUG 6137 --- [    Test worker] o.s.orm.jpa.JpaTransactionManager        : Closing JPA EntityManager [SessionImpl(1701052681<open>)] after transaction
2023-01-16 10:44:12.924 DEBUG 6137 --- [    Test worker] o.s.orm.jpa.JpaTransactionManager        : Creating new transaction with name [org.springframework.data.jpa.repository.support.SimpleJpaRepository.save]: PROPAGATION_REQUIRED,ISOLATION_DEFAULT
2023-01-16 10:44:12.924 DEBUG 6137 --- [    Test worker] o.s.orm.jpa.JpaTransactionManager        : Opened new EntityManager [SessionImpl(1832486291<open>)] for JPA transaction
2023-01-16 10:44:12.924 DEBUG 6137 --- [    Test worker] o.s.orm.jpa.JpaTransactionManager        : Exposing JPA transaction as JDBC [org.springframework.orm.jpa.vendor.HibernateJpaDialect$HibernateConnectionHandle@53e6c017]
2023-01-16 10:44:12.925 TRACE 6137 --- [    Test worker] o.s.t.i.TransactionInterceptor           : Getting transaction for [org.springframework.data.jpa.repository.support.SimpleJpaRepository.save]
2023-01-16 10:44:12.928 DEBUG 6137 --- [    Test worker] org.hibernate.SQL                        : insert into place (place_id, created_at, modified_at, address, category_id, description, kakao_id, latitude, longitude, member_id, name) values (default, ?, ?, ?, ?, ?, ?, ?, ?, ?, ?)
Hibernate: insert into place (place_id, created_at, modified_at, address, category_id, description, kakao_id, latitude, longitude, member_id, name) values (default, ?, ?, ?, ?, ?, ?, ?, ?, ?, ?)
2023-01-16 10:44:12.929 TRACE 6137 --- [    Test worker] o.s.t.i.TransactionInterceptor           : Completing transaction for [org.springframework.data.jpa.repository.support.SimpleJpaRepository.save]
2023-01-16 10:44:12.929 DEBUG 6137 --- [    Test worker] o.s.orm.jpa.JpaTransactionManager        : Initiating transaction commit
2023-01-16 10:44:12.929 DEBUG 6137 --- [    Test worker] o.s.orm.jpa.JpaTransactionManager        : Committing JPA transaction on EntityManager [SessionImpl(1832486291<open>)]
2023-01-16 10:44:12.929 DEBUG 6137 --- [    Test worker] o.s.orm.jpa.JpaTransactionManager        : Closing JPA EntityManager [SessionImpl(1832486291<open>)] after transaction
2023-01-16 10:44:12.933 DEBUG 6137 --- [    Test worker] o.s.orm.jpa.JpaTransactionManager        : Creating new transaction with name [main027.server.domain.bookmark.repository.BookmarkRepositoryTest.findBookmarks]: PROPAGATION_REQUIRED,ISOLATION_DEFAULT
2023-01-16 10:44:12.933 DEBUG 6137 --- [    Test worker] o.s.orm.jpa.JpaTransactionManager        : Opened new EntityManager [SessionImpl(1913113483<open>)] for JPA transaction
2023-01-16 10:44:12.934 DEBUG 6137 --- [    Test worker] o.s.orm.jpa.JpaTransactionManager        : Exposing JPA transaction as JDBC [org.springframework.orm.jpa.vendor.HibernateJpaDialect$HibernateConnectionHandle@3b4a77be]
2023-01-16 10:44:12.934  INFO 6137 --- [    Test worker] o.s.t.c.transaction.TransactionContext   : Began transaction (1) for test context [DefaultTestContext@1ff55410 testClass = BookmarkRepositoryTest, testInstance = main027.server.domain.bookmark.repository.BookmarkRepositoryTest@53628ff6, testMethod = findBookmarks@BookmarkRepositoryTest, testException = [null], mergedContextConfiguration = [MergedContextConfiguration@505e8d48 testClass = BookmarkRepositoryTest, locations = '{}', classes = '{class main027.server.ServerApplication}', contextInitializerClasses = '[]', activeProfiles = '{}', propertySourceLocations = '{}', propertySourceProperties = '{org.springframework.boot.test.autoconfigure.orm.jpa.DataJpaTestContextBootstrapper=true}', contextCustomizers = set[org.springframework.boot.test.autoconfigure.OverrideAutoConfigurationContextCustomizerFactory$DisableAutoConfigurationContextCustomizer@3fd93330, org.springframework.boot.test.autoconfigure.actuate.metrics.MetricsExportContextCustomizerFactory$DisableMetricExportContextCustomizer@4b3ed2f0, org.springframework.boot.test.autoconfigure.filter.TypeExcludeFiltersContextCustomizer@351584c0, org.springframework.boot.test.autoconfigure.properties.PropertyMappingContextCustomizer@ad3f9a5b, org.springframework.boot.test.autoconfigure.web.servlet.WebDriverContextCustomizerFactory$Customizer@331acdad, [ImportsContextCustomizer@3841e77a key = [org.springframework.boot.autoconfigure.cache.CacheAutoConfiguration, org.springframework.boot.autoconfigure.data.jpa.JpaRepositoriesAutoConfiguration, org.springframework.boot.autoconfigure.flyway.FlywayAutoConfiguration, org.springframework.boot.autoconfigure.jdbc.DataSourceAutoConfiguration, org.springframework.boot.autoconfigure.jdbc.DataSourceTransactionManagerAutoConfiguration, org.springframework.boot.autoconfigure.jdbc.JdbcTemplateAutoConfiguration, org.springframework.boot.autoconfigure.liquibase.LiquibaseAutoConfiguration, org.springframework.boot.autoconfigure.orm.jpa.HibernateJpaAutoConfiguration, org.springframework.boot.autoconfigure.sql.init.SqlInitializationAutoConfiguration, org.springframework.boot.autoconfigure.transaction.TransactionAutoConfiguration, org.springframework.boot.test.autoconfigure.jdbc.TestDatabaseAutoConfiguration, org.springframework.boot.test.autoconfigure.orm.jpa.TestEntityManagerAutoConfiguration]], org.springframework.boot.test.context.filter.ExcludeFilterContextCustomizer@7cf6a5f9, org.springframework.boot.test.json.DuplicateJsonObjectContextCustomizerFactory$DuplicateJsonObjectContextCustomizer@3d2ee678, org.springframework.boot.test.mock.mockito.MockitoContextCustomizer@0, org.springframework.boot.test.context.SpringBootTestArgs@1, org.springframework.boot.test.context.SpringBootTestWebEnvironment@0], contextLoader = 'org.springframework.boot.test.context.SpringBootContextLoader', parent = [null]], attributes = map['org.springframework.test.context.event.ApplicationEventsTestExecutionListener.recordApplicationEvents' -> false]]; transaction manager [org.springframework.orm.jpa.JpaTransactionManager@4c683777]; rollback [true]
2023-01-16 10:44:12.934 DEBUG 6137 --- [    Test worker] o.s.orm.jpa.JpaTransactionManager        : Found thread-bound EntityManager [SessionImpl(1913113483<open>)] for JPA transaction
2023-01-16 10:44:12.935 DEBUG 6137 --- [    Test worker] o.s.orm.jpa.JpaTransactionManager        : Participating in existing transaction
2023-01-16 10:44:12.935 TRACE 6137 --- [    Test worker] o.s.t.i.TransactionInterceptor           : Getting transaction for [org.springframework.data.jpa.repository.support.SimpleJpaRepository.save]
2023-01-16 10:44:12.935 DEBUG 6137 --- [    Test worker] org.hibernate.SQL                        : insert into bookmark (bookmark_id, member_id, place_id) values (default, ?, ?)
Hibernate: insert into bookmark (bookmark_id, member_id, place_id) values (default, ?, ?)
2023-01-16 10:44:12.936 TRACE 6137 --- [    Test worker] o.s.t.i.TransactionInterceptor           : Completing transaction for [org.springframework.data.jpa.repository.support.SimpleJpaRepository.save]
2023-01-16 10:44:12.974 DEBUG 6137 --- [    Test worker] o.s.orm.jpa.JpaTransactionManager        : Initiating transaction rollback
2023-01-16 10:44:12.974 DEBUG 6137 --- [    Test worker] o.s.orm.jpa.JpaTransactionManager        : Rolling back JPA transaction on EntityManager [SessionImpl(1913113483<open>)]
2023-01-16 10:44:12.975 DEBUG 6137 --- [    Test worker] o.s.orm.jpa.JpaTransactionManager        : Closing JPA EntityManager [SessionImpl(1913113483<open>)] after transaction
2023-01-16 10:44:12.975  INFO 6137 --- [    Test worker] o.s.t.c.transaction.TransactionContext   : Rolled back transaction for test: [DefaultTestContext@1ff55410 testClass = BookmarkRepositoryTest, testInstance = main027.server.domain.bookmark.repository.BookmarkRepositoryTest@53628ff6, testMethod = findBookmarks@BookmarkRepositoryTest, testException = [null], mergedContextConfiguration = [MergedContextConfiguration@505e8d48 testClass = BookmarkRepositoryTest, locations = '{}', classes = '{class main027.server.ServerApplication}', contextInitializerClasses = '[]', activeProfiles = '{}', propertySourceLocations = '{}', propertySourceProperties = '{org.springframework.boot.test.autoconfigure.orm.jpa.DataJpaTestContextBootstrapper=true}', contextCustomizers = set[org.springframework.boot.test.autoconfigure.OverrideAutoConfigurationContextCustomizerFactory$DisableAutoConfigurationContextCustomizer@3fd93330, org.springframework.boot.test.autoconfigure.actuate.metrics.MetricsExportContextCustomizerFactory$DisableMetricExportContextCustomizer@4b3ed2f0, org.springframework.boot.test.autoconfigure.filter.TypeExcludeFiltersContextCustomizer@351584c0, org.springframework.boot.test.autoconfigure.properties.PropertyMappingContextCustomizer@ad3f9a5b, org.springframework.boot.test.autoconfigure.web.servlet.WebDriverContextCustomizerFactory$Customizer@331acdad, [ImportsContextCustomizer@3841e77a key = [org.springframework.boot.autoconfigure.cache.CacheAutoConfiguration, org.springframework.boot.autoconfigure.data.jpa.JpaRepositoriesAutoConfiguration, org.springframework.boot.autoconfigure.flyway.FlywayAutoConfiguration, org.springframework.boot.autoconfigure.jdbc.DataSourceAutoConfiguration, org.springframework.boot.autoconfigure.jdbc.DataSourceTransactionManagerAutoConfiguration, org.springframework.boot.autoconfigure.jdbc.JdbcTemplateAutoConfiguration, org.springframework.boot.autoconfigure.liquibase.LiquibaseAutoConfiguration, org.springframework.boot.autoconfigure.orm.jpa.HibernateJpaAutoConfiguration, org.springframework.boot.autoconfigure.sql.init.SqlInitializationAutoConfiguration, org.springframework.boot.autoconfigure.transaction.TransactionAutoConfiguration, org.springframework.boot.test.autoconfigure.jdbc.TestDatabaseAutoConfiguration, org.springframework.boot.test.autoconfigure.orm.jpa.TestEntityManagerAutoConfiguration]], org.springframework.boot.test.context.filter.ExcludeFilterContextCustomizer@7cf6a5f9, org.springframework.boot.test.json.DuplicateJsonObjectContextCustomizerFactory$DuplicateJsonObjectContextCustomizer@3d2ee678, org.springframework.boot.test.mock.mockito.MockitoContextCustomizer@0, org.springframework.boot.test.context.SpringBootTestArgs@1, org.springframework.boot.test.context.SpringBootTestWebEnvironment@0], contextLoader = 'org.springframework.boot.test.context.SpringBootContextLoader', parent = [null]], attributes = map['org.springframework.test.context.event.ApplicationEventsTestExecutionListener.recordApplicationEvents' -> false]]
]]></system-out>
  <system-err><![CDATA[]]></system-err>
</testsuite>
