<?xml version="1.0" encoding="UTF-8"?>
<testsuite name="main027.server.domain.place.PlaceControllerTest" tests="4" skipped="0" failures="0" errors="0" timestamp="2023-01-16T01:44:14" hostname="itsowavy.local" time="0.056">
  <properties/>
  <testcase name="deletePlace()" classname="main027.server.domain.place.PlaceControllerTest" time="0.007"/>
  <testcase name="postPlaceTest()" classname="main027.server.domain.place.PlaceControllerTest" time="0.038"/>
  <testcase name="patchPlaceTest()" classname="main027.server.domain.place.PlaceControllerTest" time="0.005"/>
  <testcase name="getPlace()" classname="main027.server.domain.place.PlaceControllerTest" time="0.003"/>
  <system-out><![CDATA[2023-01-16 10:44:13.843  INFO 6137 --- [    Test worker] .b.t.a.w.s.WebMvcTestContextBootstrapper : Neither @ContextConfiguration nor @ContextHierarchy found for test class [main027.server.domain.place.PlaceControllerTest], using SpringBootContextLoader
2023-01-16 10:44:13.843  INFO 6137 --- [    Test worker] o.s.t.c.support.AbstractContextLoader    : Could not detect default resource locations for test class [main027.server.domain.place.PlaceControllerTest]: no resource found for suffixes {-context.xml, Context.groovy}.
2023-01-16 10:44:13.843  INFO 6137 --- [    Test worker] t.c.s.AnnotationConfigContextLoaderUtils : Could not detect default configuration classes for test class [main027.server.domain.place.PlaceControllerTest]: PlaceControllerTest does not declare any static, non-private, non-final, nested classes annotated with @Configuration.
2023-01-16 10:44:13.847  INFO 6137 --- [    Test worker] .b.t.c.SpringBootTestContextBootstrapper : Found @SpringBootConfiguration main027.server.ServerApplication for test class main027.server.domain.place.PlaceControllerTest
2023-01-16 10:44:13.847  INFO 6137 --- [    Test worker] .b.t.a.w.s.WebMvcTestContextBootstrapper : Loaded default TestExecutionListener class names from location [META-INF/spring.factories]: [org.springframework.security.test.context.support.WithSecurityContextTestExecutionListener, org.springframework.security.test.context.support.ReactorContextTestExecutionListener, org.springframework.boot.test.autoconfigure.restdocs.RestDocsTestExecutionListener, org.springframework.boot.test.autoconfigure.web.client.MockRestServiceServerResetTestExecutionListener, org.springframework.boot.test.autoconfigure.web.servlet.MockMvcPrintOnlyOnFailureTestExecutionListener, org.springframework.boot.test.autoconfigure.web.servlet.WebDriverTestExecutionListener, org.springframework.boot.test.autoconfigure.webservices.client.MockWebServiceServerTestExecutionListener, org.springframework.boot.test.mock.mockito.MockitoTestExecutionListener, org.springframework.boot.test.mock.mockito.ResetMocksTestExecutionListener, org.springframework.test.context.web.ServletTestExecutionListener, org.springframework.test.context.support.DirtiesContextBeforeModesTestExecutionListener, org.springframework.test.context.event.ApplicationEventsTestExecutionListener, org.springframework.test.context.support.DependencyInjectionTestExecutionListener, org.springframework.test.context.support.DirtiesContextTestExecutionListener, org.springframework.test.context.transaction.TransactionalTestExecutionListener, org.springframework.test.context.jdbc.SqlScriptsTestExecutionListener, org.springframework.test.context.event.EventPublishingTestExecutionListener]
2023-01-16 10:44:13.847  INFO 6137 --- [    Test worker] .b.t.a.w.s.WebMvcTestContextBootstrapper : Using TestExecutionListeners: [org.springframework.test.context.web.ServletTestExecutionListener@68076f57, org.springframework.test.context.support.DirtiesContextBeforeModesTestExecutionListener@4c6e0143, org.springframework.test.context.event.ApplicationEventsTestExecutionListener@633332e2, org.springframework.boot.test.mock.mockito.MockitoTestExecutionListener@591e3e5e, org.springframework.boot.test.autoconfigure.SpringBootDependencyInjectionTestExecutionListener@a308ffd, org.springframework.test.context.support.DirtiesContextTestExecutionListener@36e8e3e1, org.springframework.test.context.transaction.TransactionalTestExecutionListener@4c3663fc, org.springframework.test.context.jdbc.SqlScriptsTestExecutionListener@64f248ea, org.springframework.security.test.context.support.WithSecurityContextTestExecutionListener@6ab36cee, org.springframework.test.context.event.EventPublishingTestExecutionListener@1b357db2, org.springframework.security.test.context.support.ReactorContextTestExecutionListener@64e3d4ab, org.springframework.boot.test.autoconfigure.restdocs.RestDocsTestExecutionListener@12a065c5, org.springframework.boot.test.autoconfigure.web.client.MockRestServiceServerResetTestExecutionListener@6385af63, org.springframework.boot.test.autoconfigure.web.servlet.MockMvcPrintOnlyOnFailureTestExecutionListener@53ed864c, org.springframework.boot.test.autoconfigure.web.servlet.WebDriverTestExecutionListener@29514616, org.springframework.boot.test.autoconfigure.webservices.client.MockWebServiceServerTestExecutionListener@38ce90b4, org.springframework.boot.test.mock.mockito.ResetMocksTestExecutionListener@76fece79]

  .   ____          _            __ _ _
 /\\ / ___'_ __ _ _(_)_ __  __ _ \ \ \ \
( ( )\___ | '_ | '_| | '_ \/ _` | \ \ \ \
 \\/  ___)| |_)| | | | | || (_| |  ) ) ) )
  '  |____| .__|_| |_|_| |_\__, | / / / /
 =========|_|==============|___/=/_/_/_/
 :: Spring Boot ::                (v2.7.7)

2023-01-16 10:44:13.858  INFO 6137 --- [    Test worker] m.s.domain.place.PlaceControllerTest     : Starting PlaceControllerTest using Java 17.0.5 on itsowavy.local with PID 6137 (started by seongseunghun in /Users/seongseunghun/Desktop/Repository/seb41_main_027/server)
2023-01-16 10:44:13.858  INFO 6137 --- [    Test worker] m.s.domain.place.PlaceControllerTest     : No active profile set, falling back to 1 default profile: "default"
2023-01-16 10:44:13.996  INFO 6137 --- [    Test worker] o.s.b.t.m.w.SpringBootMockServletContext : Initializing Spring TestDispatcherServlet ''
2023-01-16 10:44:13.996  INFO 6137 --- [    Test worker] o.s.t.web.servlet.TestDispatcherServlet  : Initializing Servlet ''
2023-01-16 10:44:13.997  INFO 6137 --- [    Test worker] o.s.t.web.servlet.TestDispatcherServlet  : Completed initialization in 1 ms
2023-01-16 10:44:14.000  INFO 6137 --- [    Test worker] m.s.domain.place.PlaceControllerTest     : Started PlaceControllerTest in 0.151 seconds (JVM running for 5.839)
]]></system-out>
  <system-err><![CDATA[]]></system-err>
</testsuite>
