<?xml version="1.0" encoding="UTF-8"?>
<testsuite name="main027.server.domain.member.controller.MemberControllerTest" tests="3" skipped="0" failures="0" errors="0" timestamp="2023-01-16T01:44:13" hostname="itsowavy.local" time="0.055">
  <properties/>
  <testcase name="deleteMember()" classname="main027.server.domain.member.controller.MemberControllerTest" time="0.017"/>
  <testcase name="patchMember()" classname="main027.server.domain.member.controller.MemberControllerTest" time="0.019"/>
  <testcase name="postMember()" classname="main027.server.domain.member.controller.MemberControllerTest" time="0.018"/>
  <system-out><![CDATA[2023-01-16 10:44:13.568  INFO 6137 --- [    Test worker] .b.t.a.w.s.WebMvcTestContextBootstrapper : Neither @ContextConfiguration nor @ContextHierarchy found for test class [main027.server.domain.member.controller.MemberControllerTest], using SpringBootContextLoader
2023-01-16 10:44:13.568  INFO 6137 --- [    Test worker] o.s.t.c.support.AbstractContextLoader    : Could not detect default resource locations for test class [main027.server.domain.member.controller.MemberControllerTest]: no resource found for suffixes {-context.xml, Context.groovy}.
2023-01-16 10:44:13.568  INFO 6137 --- [    Test worker] t.c.s.AnnotationConfigContextLoaderUtils : Could not detect default configuration classes for test class [main027.server.domain.member.controller.MemberControllerTest]: MemberControllerTest does not declare any static, non-private, non-final, nested classes annotated with @Configuration.
2023-01-16 10:44:13.574  INFO 6137 --- [    Test worker] .b.t.c.SpringBootTestContextBootstrapper : Found @SpringBootConfiguration main027.server.ServerApplication for test class main027.server.domain.member.controller.MemberControllerTest
2023-01-16 10:44:13.574  INFO 6137 --- [    Test worker] .b.t.a.w.s.WebMvcTestContextBootstrapper : Loaded default TestExecutionListener class names from location [META-INF/spring.factories]: [org.springframework.security.test.context.support.WithSecurityContextTestExecutionListener, org.springframework.security.test.context.support.ReactorContextTestExecutionListener, org.springframework.boot.test.autoconfigure.restdocs.RestDocsTestExecutionListener, org.springframework.boot.test.autoconfigure.web.client.MockRestServiceServerResetTestExecutionListener, org.springframework.boot.test.autoconfigure.web.servlet.MockMvcPrintOnlyOnFailureTestExecutionListener, org.springframework.boot.test.autoconfigure.web.servlet.WebDriverTestExecutionListener, org.springframework.boot.test.autoconfigure.webservices.client.MockWebServiceServerTestExecutionListener, org.springframework.boot.test.mock.mockito.MockitoTestExecutionListener, org.springframework.boot.test.mock.mockito.ResetMocksTestExecutionListener, org.springframework.test.context.web.ServletTestExecutionListener, org.springframework.test.context.support.DirtiesContextBeforeModesTestExecutionListener, org.springframework.test.context.event.ApplicationEventsTestExecutionListener, org.springframework.test.context.support.DependencyInjectionTestExecutionListener, org.springframework.test.context.support.DirtiesContextTestExecutionListener, org.springframework.test.context.transaction.TransactionalTestExecutionListener, org.springframework.test.context.jdbc.SqlScriptsTestExecutionListener, org.springframework.test.context.event.EventPublishingTestExecutionListener]
2023-01-16 10:44:13.575  INFO 6137 --- [    Test worker] .b.t.a.w.s.WebMvcTestContextBootstrapper : Using TestExecutionListeners: [org.springframework.test.context.web.ServletTestExecutionListener@6662af0a, org.springframework.test.context.support.DirtiesContextBeforeModesTestExecutionListener@665f19d, org.springframework.test.context.event.ApplicationEventsTestExecutionListener@4928a347, org.springframework.boot.test.mock.mockito.MockitoTestExecutionListener@1baf1268, org.springframework.boot.test.autoconfigure.SpringBootDependencyInjectionTestExecutionListener@6846e4e8, org.springframework.test.context.support.DirtiesContextTestExecutionListener@41861964, org.springframework.test.context.transaction.TransactionalTestExecutionListener@4db8b888, org.springframework.test.context.jdbc.SqlScriptsTestExecutionListener@2e67df05, org.springframework.security.test.context.support.WithSecurityContextTestExecutionListener@71590f85, org.springframework.test.context.event.EventPublishingTestExecutionListener@6565f3, org.springframework.security.test.context.support.ReactorContextTestExecutionListener@891f18f, org.springframework.boot.test.autoconfigure.restdocs.RestDocsTestExecutionListener@189e986f, org.springframework.boot.test.autoconfigure.web.client.MockRestServiceServerResetTestExecutionListener@218289de, org.springframework.boot.test.autoconfigure.web.servlet.MockMvcPrintOnlyOnFailureTestExecutionListener@a632ae0, org.springframework.boot.test.autoconfigure.web.servlet.WebDriverTestExecutionListener@df9bfaa, org.springframework.boot.test.autoconfigure.webservices.client.MockWebServiceServerTestExecutionListener@61c8139a, org.springframework.boot.test.mock.mockito.ResetMocksTestExecutionListener@54b1ba04]

  .   ____          _            __ _ _
 /\\ / ___'_ __ _ _(_)_ __  __ _ \ \ \ \
( ( )\___ | '_ | '_| | '_ \/ _` | \ \ \ \
 \\/  ___)| |_)| | | | | || (_| |  ) ) ) )
  '  |____| .__|_| |_|_| |_\__, | / / / /
 =========|_|==============|___/=/_/_/_/
 :: Spring Boot ::                (v2.7.7)

2023-01-16 10:44:13.587  INFO 6137 --- [    Test worker] m.s.d.m.controller.MemberControllerTest  : Starting MemberControllerTest using Java 17.0.5 on itsowavy.local with PID 6137 (started by seongseunghun in /Users/seongseunghun/Desktop/Repository/seb41_main_027/server)
2023-01-16 10:44:13.588  INFO 6137 --- [    Test worker] m.s.d.m.controller.MemberControllerTest  : No active profile set, falling back to 1 default profile: "default"
2023-01-16 10:44:13.778  INFO 6137 --- [    Test worker] o.s.b.t.m.w.SpringBootMockServletContext : Initializing Spring TestDispatcherServlet ''
2023-01-16 10:44:13.779  INFO 6137 --- [    Test worker] o.s.t.web.servlet.TestDispatcherServlet  : Initializing Servlet ''
2023-01-16 10:44:13.779  INFO 6137 --- [    Test worker] o.s.t.web.servlet.TestDispatcherServlet  : Completed initialization in 0 ms
2023-01-16 10:44:13.783  INFO 6137 --- [    Test worker] m.s.d.m.controller.MemberControllerTest  : Started MemberControllerTest in 0.207 seconds (JVM running for 5.622)
{"memberId":1,"email":"hgd@gmail.com","nickName":"HongGilDong","memberStatus":"ACTIVE","roles":["ROLE_USER"],"createdAt":"2023-01-16T10:44:13.825438","modifiedAt":"2023-01-16T10:44:13.825451"}
]]></system-out>
  <system-err><![CDATA[]]></system-err>
</testsuite>
