<?xml version="1.0" encoding="UTF-8"?>
<testsuite name="main027.server.domain.bookmark.controller.BookmarkControllerTest" tests="2" skipped="0" failures="0" errors="0" timestamp="2023-01-16T01:44:12" hostname="itsowavy.local" time="0.275">
  <properties/>
  <testcase name="getBookmarkList()" classname="main027.server.domain.bookmark.controller.BookmarkControllerTest" time="0.263"/>
  <testcase name="postBookmark()" classname="main027.server.domain.bookmark.controller.BookmarkControllerTest" time="0.011"/>
  <system-out><![CDATA[10:44:08.768 [Test worker] DEBUG org.springframework.test.context.BootstrapUtils - Instantiating CacheAwareContextLoaderDelegate from class [org.springframework.test.context.cache.DefaultCacheAwareContextLoaderDelegate]
10:44:08.775 [Test worker] DEBUG org.springframework.test.context.BootstrapUtils - Instantiating BootstrapContext using constructor [public org.springframework.test.context.support.DefaultBootstrapContext(java.lang.Class,org.springframework.test.context.CacheAwareContextLoaderDelegate)]
10:44:08.800 [Test worker] DEBUG org.springframework.test.context.BootstrapUtils - Instantiating TestContextBootstrapper for test class [main027.server.domain.bookmark.controller.BookmarkControllerTest] from class [org.springframework.boot.test.context.SpringBootTestContextBootstrapper]
10:44:08.806 [Test worker] INFO org.springframework.boot.test.context.SpringBootTestContextBootstrapper - Neither @ContextConfiguration nor @ContextHierarchy found for test class [main027.server.domain.bookmark.controller.BookmarkControllerTest], using SpringBootContextLoader
10:44:08.808 [Test worker] DEBUG org.springframework.test.context.support.AbstractContextLoader - Did not detect default resource location for test class [main027.server.domain.bookmark.controller.BookmarkControllerTest]: class path resource [main027/server/domain/bookmark/controller/BookmarkControllerTest-context.xml] does not exist
10:44:08.809 [Test worker] DEBUG org.springframework.test.context.support.AbstractContextLoader - Did not detect default resource location for test class [main027.server.domain.bookmark.controller.BookmarkControllerTest]: class path resource [main027/server/domain/bookmark/controller/BookmarkControllerTestContext.groovy] does not exist
10:44:08.809 [Test worker] INFO org.springframework.test.context.support.AbstractContextLoader - Could not detect default resource locations for test class [main027.server.domain.bookmark.controller.BookmarkControllerTest]: no resource found for suffixes {-context.xml, Context.groovy}.
10:44:08.809 [Test worker] INFO org.springframework.test.context.support.AnnotationConfigContextLoaderUtils - Could not detect default configuration classes for test class [main027.server.domain.bookmark.controller.BookmarkControllerTest]: BookmarkControllerTest does not declare any static, non-private, non-final, nested classes annotated with @Configuration.
10:44:08.875 [Test worker] DEBUG org.springframework.context.annotation.ClassPathScanningCandidateComponentProvider - Identified candidate component class: file [/Users/seongseunghun/Desktop/Repository/seb41_main_027/server/build/classes/java/main/main027/server/ServerApplication.class]
10:44:08.876 [Test worker] INFO org.springframework.boot.test.context.SpringBootTestContextBootstrapper - Found @SpringBootConfiguration main027.server.ServerApplication for test class main027.server.domain.bookmark.controller.BookmarkControllerTest
10:44:08.944 [Test worker] DEBUG org.springframework.boot.test.context.SpringBootTestContextBootstrapper - @TestExecutionListeners is not present for class [main027.server.domain.bookmark.controller.BookmarkControllerTest]: using defaults.
10:44:08.944 [Test worker] INFO org.springframework.boot.test.context.SpringBootTestContextBootstrapper - Loaded default TestExecutionListener class names from location [META-INF/spring.factories]: [org.springframework.security.test.context.support.WithSecurityContextTestExecutionListener, org.springframework.security.test.context.support.ReactorContextTestExecutionListener, org.springframework.boot.test.autoconfigure.restdocs.RestDocsTestExecutionListener, org.springframework.boot.test.autoconfigure.web.client.MockRestServiceServerResetTestExecutionListener, org.springframework.boot.test.autoconfigure.web.servlet.MockMvcPrintOnlyOnFailureTestExecutionListener, org.springframework.boot.test.autoconfigure.web.servlet.WebDriverTestExecutionListener, org.springframework.boot.test.autoconfigure.webservices.client.MockWebServiceServerTestExecutionListener, org.springframework.boot.test.mock.mockito.MockitoTestExecutionListener, org.springframework.boot.test.mock.mockito.ResetMocksTestExecutionListener, org.springframework.test.context.web.ServletTestExecutionListener, org.springframework.test.context.support.DirtiesContextBeforeModesTestExecutionListener, org.springframework.test.context.event.ApplicationEventsTestExecutionListener, org.springframework.test.context.support.DependencyInjectionTestExecutionListener, org.springframework.test.context.support.DirtiesContextTestExecutionListener, org.springframework.test.context.transaction.TransactionalTestExecutionListener, org.springframework.test.context.jdbc.SqlScriptsTestExecutionListener, org.springframework.test.context.event.EventPublishingTestExecutionListener]
10:44:08.955 [Test worker] INFO org.springframework.boot.test.context.SpringBootTestContextBootstrapper - Using TestExecutionListeners: [org.springframework.test.context.web.ServletTestExecutionListener@34645867, org.springframework.test.context.support.DirtiesContextBeforeModesTestExecutionListener@2484f433, org.springframework.test.context.event.ApplicationEventsTestExecutionListener@60b71e8f, org.springframework.boot.test.mock.mockito.MockitoTestExecutionListener@1255b1d1, org.springframework.boot.test.autoconfigure.SpringBootDependencyInjectionTestExecutionListener@464649c, org.springframework.test.context.support.DirtiesContextTestExecutionListener@7c22d4f, org.springframework.test.context.transaction.TransactionalTestExecutionListener@5f59185e, org.springframework.test.context.jdbc.SqlScriptsTestExecutionListener@60bdf15d, org.springframework.security.test.context.support.WithSecurityContextTestExecutionListener@47da3952, org.springframework.test.context.event.EventPublishingTestExecutionListener@51e4ccb3, org.springframework.security.test.context.support.ReactorContextTestExecutionListener@46e8a539, org.springframework.boot.test.autoconfigure.restdocs.RestDocsTestExecutionListener@495083a0, org.springframework.boot.test.autoconfigure.web.client.MockRestServiceServerResetTestExecutionListener@5fd62371, org.springframework.boot.test.autoconfigure.web.servlet.MockMvcPrintOnlyOnFailureTestExecutionListener@28a0fd6c, org.springframework.boot.test.autoconfigure.web.servlet.WebDriverTestExecutionListener@2b62442c, org.springframework.boot.test.autoconfigure.webservices.client.MockWebServiceServerTestExecutionListener@66629f63, org.springframework.boot.test.mock.mockito.ResetMocksTestExecutionListener@841e575]
10:44:08.957 [Test worker] DEBUG org.springframework.test.context.support.AbstractDirtiesContextTestExecutionListener - Before test class: context [DefaultTestContext@5fb97279 testClass = BookmarkControllerTest, testInstance = [null], testMethod = [null], testException = [null], mergedContextConfiguration = [WebMergedContextConfiguration@439a8f59 testClass = BookmarkControllerTest, locations = '{}', classes = '{class main027.server.ServerApplication}', contextInitializerClasses = '[]', activeProfiles = '{stub}', propertySourceLocations = '{}', propertySourceProperties = '{org.springframework.boot.test.context.SpringBootTestContextBootstrapper=true}', contextCustomizers = set[org.springframework.boot.test.autoconfigure.actuate.metrics.MetricsExportContextCustomizerFactory$DisableMetricExportContextCustomizer@4b3ed2f0, org.springframework.boot.test.autoconfigure.properties.PropertyMappingContextCustomizer@4b3fa0b3, org.springframework.boot.test.autoconfigure.web.servlet.WebDriverContextCustomizerFactory$Customizer@331acdad, [ImportsContextCustomizer@61861a29 key = [org.springframework.boot.test.autoconfigure.web.servlet.MockMvcAutoConfiguration, org.springframework.boot.test.autoconfigure.web.servlet.MockMvcWebClientAutoConfiguration, org.springframework.boot.test.autoconfigure.web.servlet.MockMvcWebDriverAutoConfiguration, org.springframework.boot.autoconfigure.security.oauth2.client.servlet.OAuth2ClientAutoConfiguration, org.springframework.boot.autoconfigure.security.oauth2.resource.servlet.OAuth2ResourceServerAutoConfiguration, org.springframework.boot.autoconfigure.security.servlet.SecurityAutoConfiguration, org.springframework.boot.autoconfigure.security.servlet.SecurityFilterAutoConfiguration, org.springframework.boot.autoconfigure.security.servlet.UserDetailsServiceAutoConfiguration, org.springframework.boot.test.autoconfigure.web.servlet.MockMvcSecurityConfiguration, org.springframework.boot.test.autoconfigure.web.reactive.WebTestClientAutoConfiguration]], org.springframework.boot.test.context.filter.ExcludeFilterContextCustomizer@7cf6a5f9, org.springframework.boot.test.json.DuplicateJsonObjectContextCustomizerFactory$DuplicateJsonObjectContextCustomizer@3d2ee678, org.springframework.boot.test.mock.mockito.MockitoContextCustomizer@0, org.springframework.boot.test.web.client.TestRestTemplateContextCustomizer@73a2e526, org.springframework.boot.test.context.SpringBootTestArgs@1, org.springframework.boot.test.context.SpringBootTestWebEnvironment@4470f8a6], resourceBasePath = 'src/main/webapp', contextLoader = 'org.springframework.boot.test.context.SpringBootContextLoader', parent = [null]], attributes = map['org.springframework.test.context.web.ServletTestExecutionListener.activateListener' -> true]], class annotated with @DirtiesContext [false] with mode [null].

  .   ____          _            __ _ _
 /\\ / ___'_ __ _ _(_)_ __  __ _ \ \ \ \
( ( )\___ | '_ | '_| | '_ \/ _` | \ \ \ \
 \\/  ___)| |_)| | | | | || (_| |  ) ) ) )
  '  |____| .__|_| |_|_| |_\__, | / / / /
 =========|_|==============|___/=/_/_/_/
 :: Spring Boot ::                (v2.7.7)

2023-01-16 10:44:09.339  INFO 6137 --- [    Test worker] m.s.d.b.c.BookmarkControllerTest         : Starting BookmarkControllerTest using Java 17.0.5 on itsowavy.local with PID 6137 (started by seongseunghun in /Users/seongseunghun/Desktop/Repository/seb41_main_027/server)
2023-01-16 10:44:09.340  INFO 6137 --- [    Test worker] m.s.d.b.c.BookmarkControllerTest         : The following 2 profiles are active: "stub", "transactionLog"
2023-01-16 10:44:09.663  INFO 6137 --- [    Test worker] .s.d.r.c.RepositoryConfigurationDelegate : Bootstrapping Spring Data JPA repositories in DEFAULT mode.
2023-01-16 10:44:09.703  INFO 6137 --- [    Test worker] .s.d.r.c.RepositoryConfigurationDelegate : Finished Spring Data repository scanning in 36 ms. Found 5 JPA repository interfaces.
2023-01-16 10:44:10.059  INFO 6137 --- [    Test worker] o.hibernate.jpa.internal.util.LogHelper  : HHH000204: Processing PersistenceUnitInfo [name: default]
2023-01-16 10:44:10.094  INFO 6137 --- [    Test worker] org.hibernate.Version                    : HHH000412: Hibernate ORM core version 5.6.14.Final
2023-01-16 10:44:10.191  INFO 6137 --- [    Test worker] o.hibernate.annotations.common.Version   : HCANN000001: Hibernate Commons Annotations {5.1.2.Final}
2023-01-16 10:44:10.244  INFO 6137 --- [    Test worker] com.zaxxer.hikari.HikariDataSource       : HikariPool-1 - Starting...
2023-01-16 10:44:10.364  INFO 6137 --- [    Test worker] com.zaxxer.hikari.HikariDataSource       : HikariPool-1 - Start completed.
2023-01-16 10:44:10.387  INFO 6137 --- [    Test worker] org.hibernate.dialect.Dialect            : HHH000400: Using dialect: org.hibernate.dialect.H2Dialect
2023-01-16 10:44:10.954 DEBUG 6137 --- [    Test worker] org.hibernate.SQL                        : drop table if exists bookmark CASCADE 
2023-01-16 10:44:10.958 DEBUG 6137 --- [    Test worker] org.hibernate.SQL                        : drop table if exists category CASCADE 
2023-01-16 10:44:10.958 DEBUG 6137 --- [    Test worker] org.hibernate.SQL                        : drop table if exists emoji CASCADE 
2023-01-16 10:44:10.958 DEBUG 6137 --- [    Test worker] org.hibernate.SQL                        : drop table if exists member CASCADE 
2023-01-16 10:44:10.958 DEBUG 6137 --- [    Test worker] org.hibernate.SQL                        : drop table if exists member_roles CASCADE 
2023-01-16 10:44:10.958 DEBUG 6137 --- [    Test worker] org.hibernate.SQL                        : drop table if exists place CASCADE 
2023-01-16 10:44:10.958 DEBUG 6137 --- [    Test worker] org.hibernate.SQL                        : drop table if exists place_like_user CASCADE 
2023-01-16 10:44:10.958 DEBUG 6137 --- [    Test worker] org.hibernate.SQL                        : drop table if exists review CASCADE 
2023-01-16 10:44:10.962 DEBUG 6137 --- [    Test worker] org.hibernate.SQL                        : create table bookmark (bookmark_id bigint generated by default as identity, member_id bigint, place_id bigint, primary key (bookmark_id))
2023-01-16 10:44:10.967 DEBUG 6137 --- [    Test worker] org.hibernate.SQL                        : create table category (category_id bigint generated by default as identity, name varchar(255) not null, primary key (category_id))
2023-01-16 10:44:10.969 DEBUG 6137 --- [    Test worker] org.hibernate.SQL                        : create table emoji (emoji_id bigint generated by default as identity, name varchar(255) not null, primary key (emoji_id))
2023-01-16 10:44:10.970 DEBUG 6137 --- [    Test worker] org.hibernate.SQL                        : create table member (member_id bigint generated by default as identity, created_at timestamp, modified_at timestamp, email varchar(255) not null, member_status varchar(255), nick_name varchar(255) not null, password varchar(100) not null, primary key (member_id))
2023-01-16 10:44:10.970 DEBUG 6137 --- [    Test worker] org.hibernate.SQL                        : create table member_roles (member_member_id bigint not null, roles varchar(255))
2023-01-16 10:44:10.971 DEBUG 6137 --- [    Test worker] org.hibernate.SQL                        : create table place (place_id bigint generated by default as identity, created_at timestamp, modified_at timestamp, address varchar(255) not null, description TEXT not null, kakao_id bigint, latitude varchar(255), longitude varchar(255), name varchar(255) not null, category_id bigint, member_id bigint, primary key (place_id))
2023-01-16 10:44:10.972 DEBUG 6137 --- [    Test worker] org.hibernate.SQL                        : create table place_like_user (place_liker_user_id bigint generated by default as identity, member_id bigint, place_id bigint, primary key (place_liker_user_id))
2023-01-16 10:44:10.973 DEBUG 6137 --- [    Test worker] org.hibernate.SQL                        : create table review (review_id bigint generated by default as identity, created_at timestamp, modified_at timestamp, content varchar(40), emoji_id bigint, member_id bigint, place_id bigint, primary key (review_id))
2023-01-16 10:44:10.975 DEBUG 6137 --- [    Test worker] org.hibernate.SQL                        : alter table category add constraint UK_46ccwnsi9409t36lurvtyljak unique (name)
2023-01-16 10:44:10.978 DEBUG 6137 --- [    Test worker] org.hibernate.SQL                        : alter table emoji add constraint UK_am03f2n6254h5vxpxuh2sxes5 unique (name)
2023-01-16 10:44:10.978 DEBUG 6137 --- [    Test worker] org.hibernate.SQL                        : alter table member add constraint UK_mbmcqelty0fbrvxp1q58dn57t unique (email)
2023-01-16 10:44:10.979 DEBUG 6137 --- [    Test worker] org.hibernate.SQL                        : alter table member add constraint UK_f3xpkeiwuq8kwkt45lkvanwsd unique (nick_name)
2023-01-16 10:44:10.979 DEBUG 6137 --- [    Test worker] org.hibernate.SQL                        : alter table bookmark add constraint FK5bm7rup91j277mc7gg63akie2 foreign key (member_id) references member
2023-01-16 10:44:10.988 DEBUG 6137 --- [    Test worker] org.hibernate.SQL                        : alter table bookmark add constraint FKqjh38bk3dhbpx0m38ggak69pj foreign key (place_id) references place
2023-01-16 10:44:10.992 DEBUG 6137 --- [    Test worker] org.hibernate.SQL                        : alter table member_roles add constraint FKruptm2dtwl95mfks4bnhv828k foreign key (member_member_id) references member
2023-01-16 10:44:10.996 DEBUG 6137 --- [    Test worker] org.hibernate.SQL                        : alter table place add constraint FK3297dq7rblawjc9n4kx9htui4 foreign key (category_id) references category
2023-01-16 10:44:11.001 DEBUG 6137 --- [    Test worker] org.hibernate.SQL                        : alter table place add constraint FKj4pj4ppbjeib1pocvwcxhmlnx foreign key (member_id) references member
2023-01-16 10:44:11.002 DEBUG 6137 --- [    Test worker] org.hibernate.SQL                        : alter table place_like_user add constraint FK7qxfl044osgdo9ygw28rgmour foreign key (member_id) references member
2023-01-16 10:44:11.003 DEBUG 6137 --- [    Test worker] org.hibernate.SQL                        : alter table place_like_user add constraint FKnu02ykdu2hbnbdtgy0rod02di foreign key (place_id) references place
2023-01-16 10:44:11.004 DEBUG 6137 --- [    Test worker] org.hibernate.SQL                        : alter table review add constraint FK7m7lmmkl6vqqwyjvheskskylx foreign key (emoji_id) references emoji
2023-01-16 10:44:11.004 DEBUG 6137 --- [    Test worker] org.hibernate.SQL                        : alter table review add constraint FKk0ccx5i4ci2wd70vegug074w1 foreign key (member_id) references member
2023-01-16 10:44:11.005 DEBUG 6137 --- [    Test worker] org.hibernate.SQL                        : alter table review add constraint FKn429agmmvh298piqrnnd4gbfg foreign key (place_id) references place
2023-01-16 10:44:11.007  INFO 6137 --- [    Test worker] o.h.e.t.j.p.i.JtaPlatformInitiator       : HHH000490: Using JtaPlatform implementation: [org.hibernate.engine.transaction.jta.platform.internal.NoJtaPlatform]
2023-01-16 10:44:11.015  INFO 6137 --- [    Test worker] j.LocalContainerEntityManagerFactoryBean : Initialized JPA EntityManagerFactory for persistence unit 'default'
2023-01-16 10:44:11.881  INFO 6137 --- [    Test worker] o.s.s.web.DefaultSecurityFilterChain     : Will secure any request with [org.springframework.security.web.session.DisableEncodeUrlFilter@2cdb53d6, org.springframework.security.web.context.request.async.WebAsyncManagerIntegrationFilter@62ba3045, org.springframework.security.web.context.SecurityContextPersistenceFilter@4ef10d3b, org.springframework.security.web.header.HeaderWriterFilter@2caa9666, org.springframework.web.filter.CorsFilter@397bd46b, org.springframework.security.web.authentication.logout.LogoutFilter@69d2c460, main027.server.global.auth.filter.JwtAuthenticationFilter@d863bb, main027.server.global.auth.filter.JwtVerificationFilter@76ebd595, org.springframework.security.web.savedrequest.RequestCacheAwareFilter@17554316, org.springframework.security.web.servletapi.SecurityContextHolderAwareRequestFilter@7d49fe37, org.springframework.security.web.authentication.AnonymousAuthenticationFilter@4560eb15, org.springframework.security.web.session.SessionManagementFilter@643a73fa, org.springframework.security.web.access.ExceptionTranslationFilter@90c01ab, org.springframework.security.web.access.intercept.AuthorizationFilter@49faf815]
2023-01-16 10:44:11.980  WARN 6137 --- [    Test worker] JpaBaseConfiguration$JpaWebConfiguration : spring.jpa.open-in-view is enabled by default. Therefore, database queries may be performed during view rendering. Explicitly configure spring.jpa.open-in-view to disable this warning
2023-01-16 10:44:12.321  INFO 6137 --- [    Test worker] o.s.b.t.m.w.SpringBootMockServletContext : Initializing Spring TestDispatcherServlet ''
2023-01-16 10:44:12.321  INFO 6137 --- [    Test worker] o.s.t.web.servlet.TestDispatcherServlet  : Initializing Servlet ''
2023-01-16 10:44:12.322  INFO 6137 --- [    Test worker] o.s.t.web.servlet.TestDispatcherServlet  : Completed initialization in 1 ms
2023-01-16 10:44:12.336  INFO 6137 --- [    Test worker] m.s.d.b.c.BookmarkControllerTest         : Started BookmarkControllerTest in 3.362 seconds (JVM running for 4.174)
2023-01-16 10:44:12.347 DEBUG 6137 --- [    Test worker] o.s.orm.jpa.JpaTransactionManager        : Creating new transaction with name [main027.server.domain.bookmark.controller.BookmarkControllerTest.getBookmarkList]: PROPAGATION_REQUIRED,ISOLATION_DEFAULT
2023-01-16 10:44:12.348 DEBUG 6137 --- [    Test worker] o.s.orm.jpa.JpaTransactionManager        : Opened new EntityManager [SessionImpl(122759375<open>)] for JPA transaction
2023-01-16 10:44:12.349 DEBUG 6137 --- [    Test worker] o.s.orm.jpa.JpaTransactionManager        : Exposing JPA transaction as JDBC [org.springframework.orm.jpa.vendor.HibernateJpaDialect$HibernateConnectionHandle@7976d382]
2023-01-16 10:44:12.349  INFO 6137 --- [    Test worker] o.s.t.c.transaction.TransactionContext   : Began transaction (1) for test context [DefaultTestContext@5fb97279 testClass = BookmarkControllerTest, testInstance = main027.server.domain.bookmark.controller.BookmarkControllerTest@4feea86f, testMethod = getBookmarkList@BookmarkControllerTest, testException = [null], mergedContextConfiguration = [WebMergedContextConfiguration@439a8f59 testClass = BookmarkControllerTest, locations = '{}', classes = '{class main027.server.ServerApplication}', contextInitializerClasses = '[]', activeProfiles = '{stub}', propertySourceLocations = '{}', propertySourceProperties = '{org.springframework.boot.test.context.SpringBootTestContextBootstrapper=true}', contextCustomizers = set[org.springframework.boot.test.autoconfigure.actuate.metrics.MetricsExportContextCustomizerFactory$DisableMetricExportContextCustomizer@4b3ed2f0, org.springframework.boot.test.autoconfigure.properties.PropertyMappingContextCustomizer@4b3fa0b3, org.springframework.boot.test.autoconfigure.web.servlet.WebDriverContextCustomizerFactory$Customizer@331acdad, [ImportsContextCustomizer@61861a29 key = [org.springframework.boot.test.autoconfigure.web.servlet.MockMvcAutoConfiguration, org.springframework.boot.test.autoconfigure.web.servlet.MockMvcWebClientAutoConfiguration, org.springframework.boot.test.autoconfigure.web.servlet.MockMvcWebDriverAutoConfiguration, org.springframework.boot.autoconfigure.security.oauth2.client.servlet.OAuth2ClientAutoConfiguration, org.springframework.boot.autoconfigure.security.oauth2.resource.servlet.OAuth2ResourceServerAutoConfiguration, org.springframework.boot.autoconfigure.security.servlet.SecurityAutoConfiguration, org.springframework.boot.autoconfigure.security.servlet.SecurityFilterAutoConfiguration, org.springframework.boot.autoconfigure.security.servlet.UserDetailsServiceAutoConfiguration, org.springframework.boot.test.autoconfigure.web.servlet.MockMvcSecurityConfiguration, org.springframework.boot.test.autoconfigure.web.reactive.WebTestClientAutoConfiguration]], org.springframework.boot.test.context.filter.ExcludeFilterContextCustomizer@7cf6a5f9, org.springframework.boot.test.json.DuplicateJsonObjectContextCustomizerFactory$DuplicateJsonObjectContextCustomizer@3d2ee678, org.springframework.boot.test.mock.mockito.MockitoContextCustomizer@0, org.springframework.boot.test.web.client.TestRestTemplateContextCustomizer@73a2e526, org.springframework.boot.test.context.SpringBootTestArgs@1, org.springframework.boot.test.context.SpringBootTestWebEnvironment@4470f8a6], resourceBasePath = 'src/main/webapp', contextLoader = 'org.springframework.boot.test.context.SpringBootContextLoader', parent = [null]], attributes = map['org.springframework.test.context.web.ServletTestExecutionListener.activateListener' -> true, 'org.springframework.test.context.web.ServletTestExecutionListener.populatedRequestContextHolder' -> true, 'org.springframework.test.context.web.ServletTestExecutionListener.resetRequestContextHolder' -> true, 'org.springframework.test.context.event.ApplicationEventsTestExecutionListener.recordApplicationEvents' -> false]]; transaction manager [org.springframework.orm.jpa.JpaTransactionManager@4250b0c1]; rollback [true]
2023-01-16 10:44:12.481 DEBUG 6137 --- [    Test worker] o.s.orm.jpa.JpaTransactionManager        : Found thread-bound EntityManager [SessionImpl(122759375<open>)] for JPA transaction
2023-01-16 10:44:12.481 DEBUG 6137 --- [    Test worker] o.s.orm.jpa.JpaTransactionManager        : Participating in existing transaction
2023-01-16 10:44:12.481 TRACE 6137 --- [    Test worker] o.s.t.i.TransactionInterceptor           : Getting transaction for [main027.server.domain.bookmark.service.BookmarkServiceImpl.changeBookmarkStatus]
2023-01-16 10:44:12.486 DEBUG 6137 --- [    Test worker] o.s.orm.jpa.JpaTransactionManager        : Found thread-bound EntityManager [SessionImpl(122759375<open>)] for JPA transaction
2023-01-16 10:44:12.486 DEBUG 6137 --- [    Test worker] o.s.orm.jpa.JpaTransactionManager        : Participating in existing transaction
2023-01-16 10:44:12.486 TRACE 6137 --- [    Test worker] o.s.t.i.TransactionInterceptor           : Getting transaction for [org.springframework.data.jpa.repository.support.SimpleJpaRepository.findById]
2023-01-16 10:44:12.492 DEBUG 6137 --- [    Test worker] org.hibernate.SQL                        : select member0_.member_id as member_i1_3_0_, member0_.created_at as created_2_3_0_, member0_.modified_at as modified3_3_0_, member0_.email as email4_3_0_, member0_.member_status as member_s5_3_0_, member0_.nick_name as nick_nam6_3_0_, member0_.password as password7_3_0_, roles1_.member_member_id as member_m1_4_1_, roles1_.roles as roles2_4_1_ from member member0_ left outer join member_roles roles1_ on member0_.member_id=roles1_.member_member_id where member0_.member_id=?
2023-01-16 10:44:12.516 TRACE 6137 --- [    Test worker] o.s.t.i.TransactionInterceptor           : Completing transaction for [org.springframework.data.jpa.repository.support.SimpleJpaRepository.findById]
2023-01-16 10:44:12.516 DEBUG 6137 --- [    Test worker] o.s.orm.jpa.JpaTransactionManager        : Found thread-bound EntityManager [SessionImpl(122759375<open>)] for JPA transaction
2023-01-16 10:44:12.516 DEBUG 6137 --- [    Test worker] o.s.orm.jpa.JpaTransactionManager        : Participating in existing transaction
2023-01-16 10:44:12.516 TRACE 6137 --- [    Test worker] o.s.t.i.TransactionInterceptor           : Getting transaction for [org.springframework.data.jpa.repository.support.SimpleJpaRepository.findById]
2023-01-16 10:44:12.516 DEBUG 6137 --- [    Test worker] org.hibernate.SQL                        : select place0_.place_id as place_id1_5_0_, place0_.created_at as created_2_5_0_, place0_.modified_at as modified3_5_0_, place0_.address as address4_5_0_, place0_.category_id as categor10_5_0_, place0_.description as descript5_5_0_, place0_.kakao_id as kakao_id6_5_0_, place0_.latitude as latitude7_5_0_, place0_.longitude as longitud8_5_0_, place0_.member_id as member_11_5_0_, place0_.name as name9_5_0_, category1_.category_id as category1_1_1_, category1_.name as name2_1_1_, member2_.member_id as member_i1_3_2_, member2_.created_at as created_2_3_2_, member2_.modified_at as modified3_3_2_, member2_.email as email4_3_2_, member2_.member_status as member_s5_3_2_, member2_.nick_name as nick_nam6_3_2_, member2_.password as password7_3_2_, roles3_.member_member_id as member_m1_4_3_, roles3_.roles as roles2_4_3_ from place place0_ left outer join category category1_ on place0_.category_id=category1_.category_id left outer join member member2_ on place0_.member_id=member2_.member_id left outer join member_roles roles3_ on member2_.member_id=roles3_.member_member_id where place0_.place_id=?
2023-01-16 10:44:12.518 TRACE 6137 --- [    Test worker] o.s.t.i.TransactionInterceptor           : Completing transaction for [org.springframework.data.jpa.repository.support.SimpleJpaRepository.findById]
2023-01-16 10:44:12.518 TRACE 6137 --- [    Test worker] o.s.t.i.TransactionInterceptor           : No need to create transaction for [org.springframework.data.jpa.repository.support.SimpleJpaRepository.checkBookmarked]: This method is not transactional.
2023-01-16 10:44:12.527 DEBUG 6137 --- [    Test worker] org.hibernate.SQL                        : select bookmark0_.bookmark_id as bookmark1_0_, bookmark0_.member_id as member_i2_0_, bookmark0_.place_id as place_id3_0_ from bookmark bookmark0_ where bookmark0_.member_id=? and bookmark0_.place_id=?
2023-01-16 10:44:12.530 DEBUG 6137 --- [    Test worker] o.s.orm.jpa.JpaTransactionManager        : Found thread-bound EntityManager [SessionImpl(122759375<open>)] for JPA transaction
2023-01-16 10:44:12.530 DEBUG 6137 --- [    Test worker] o.s.orm.jpa.JpaTransactionManager        : Participating in existing transaction
2023-01-16 10:44:12.530 TRACE 6137 --- [    Test worker] o.s.t.i.TransactionInterceptor           : Getting transaction for [org.springframework.data.jpa.repository.support.SimpleJpaRepository.save]
2023-01-16 10:44:12.537 DEBUG 6137 --- [    Test worker] org.hibernate.SQL                        : insert into bookmark (bookmark_id, member_id, place_id) values (default, ?, ?)
2023-01-16 10:44:12.540 TRACE 6137 --- [    Test worker] o.s.t.i.TransactionInterceptor           : Completing transaction for [org.springframework.data.jpa.repository.support.SimpleJpaRepository.save]
2023-01-16 10:44:12.540 TRACE 6137 --- [    Test worker] o.s.t.i.TransactionInterceptor           : Completing transaction for [main027.server.domain.bookmark.service.BookmarkServiceImpl.changeBookmarkStatus]
2023-01-16 10:44:12.558 DEBUG 6137 --- [    Test worker] o.s.orm.jpa.JpaTransactionManager        : Found thread-bound EntityManager [SessionImpl(122759375<open>)] for JPA transaction
2023-01-16 10:44:12.558 DEBUG 6137 --- [    Test worker] o.s.orm.jpa.JpaTransactionManager        : Participating in existing transaction
2023-01-16 10:44:12.558 TRACE 6137 --- [    Test worker] o.s.t.i.TransactionInterceptor           : Getting transaction for [main027.server.domain.bookmark.service.BookmarkServiceImpl.findPlaceMemberBookmarked]
2023-01-16 10:44:12.558 DEBUG 6137 --- [    Test worker] o.s.orm.jpa.JpaTransactionManager        : Found thread-bound EntityManager [SessionImpl(122759375<open>)] for JPA transaction
2023-01-16 10:44:12.558 DEBUG 6137 --- [    Test worker] o.s.orm.jpa.JpaTransactionManager        : Participating in existing transaction
2023-01-16 10:44:12.559 TRACE 6137 --- [    Test worker] o.s.t.i.TransactionInterceptor           : Getting transaction for [org.springframework.data.jpa.repository.support.SimpleJpaRepository.findById]
2023-01-16 10:44:12.561 TRACE 6137 --- [    Test worker] o.s.t.i.TransactionInterceptor           : Completing transaction for [org.springframework.data.jpa.repository.support.SimpleJpaRepository.findById]
2023-01-16 10:44:12.562 TRACE 6137 --- [    Test worker] o.s.t.i.TransactionInterceptor           : No need to create transaction for [org.springframework.data.jpa.repository.support.SimpleJpaRepository.findBookmark]: This method is not transactional.
2023-01-16 10:44:12.562 DEBUG 6137 --- [    Test worker] org.hibernate.SQL                        : select place1_.place_id as place_id1_5_, place1_.created_at as created_2_5_, place1_.modified_at as modified3_5_, place1_.address as address4_5_, place1_.category_id as categor10_5_, place1_.description as descript5_5_, place1_.kakao_id as kakao_id6_5_, place1_.latitude as latitude7_5_, place1_.longitude as longitud8_5_, place1_.member_id as member_11_5_, place1_.name as name9_5_ from bookmark bookmark0_ inner join place place1_ on bookmark0_.place_id=place1_.place_id where bookmark0_.member_id=? limit ?
2023-01-16 10:44:12.564 DEBUG 6137 --- [    Test worker] org.hibernate.SQL                        : select category0_.category_id as category1_1_0_, category0_.name as name2_1_0_ from category category0_ where category0_.category_id=?
2023-01-16 10:44:12.565 DEBUG 6137 --- [    Test worker] org.hibernate.SQL                        : select member0_.member_id as member_i1_3_0_, member0_.created_at as created_2_3_0_, member0_.modified_at as modified3_3_0_, member0_.email as email4_3_0_, member0_.member_status as member_s5_3_0_, member0_.nick_name as nick_nam6_3_0_, member0_.password as password7_3_0_, roles1_.member_member_id as member_m1_4_1_, roles1_.roles as roles2_4_1_ from member member0_ left outer join member_roles roles1_ on member0_.member_id=roles1_.member_member_id where member0_.member_id=?
2023-01-16 10:44:12.565 DEBUG 6137 --- [    Test worker] org.hibernate.SQL                        : select category0_.category_id as category1_1_0_, category0_.name as name2_1_0_ from category category0_ where category0_.category_id=?
2023-01-16 10:44:12.566 DEBUG 6137 --- [    Test worker] org.hibernate.SQL                        : select member0_.member_id as member_i1_3_0_, member0_.created_at as created_2_3_0_, member0_.modified_at as modified3_3_0_, member0_.email as email4_3_0_, member0_.member_status as member_s5_3_0_, member0_.nick_name as nick_nam6_3_0_, member0_.password as password7_3_0_, roles1_.member_member_id as member_m1_4_1_, roles1_.roles as roles2_4_1_ from member member0_ left outer join member_roles roles1_ on member0_.member_id=roles1_.member_member_id where member0_.member_id=?
2023-01-16 10:44:12.567 DEBUG 6137 --- [    Test worker] org.hibernate.SQL                        : select member0_.member_id as member_i1_3_0_, member0_.created_at as created_2_3_0_, member0_.modified_at as modified3_3_0_, member0_.email as email4_3_0_, member0_.member_status as member_s5_3_0_, member0_.nick_name as nick_nam6_3_0_, member0_.password as password7_3_0_, roles1_.member_member_id as member_m1_4_1_, roles1_.roles as roles2_4_1_ from member member0_ left outer join member_roles roles1_ on member0_.member_id=roles1_.member_member_id where member0_.member_id=?
2023-01-16 10:44:12.571 DEBUG 6137 --- [    Test worker] org.hibernate.SQL                        : select count(bookmark0_.place_id) as col_0_0_ from bookmark bookmark0_ cross join place place1_ where bookmark0_.place_id=place1_.place_id and bookmark0_.member_id=?
2023-01-16 10:44:12.578 TRACE 6137 --- [    Test worker] o.s.t.i.TransactionInterceptor           : Completing transaction for [main027.server.domain.bookmark.service.BookmarkServiceImpl.findPlaceMemberBookmarked]
2023-01-16 10:44:12.604 DEBUG 6137 --- [    Test worker] o.s.orm.jpa.JpaTransactionManager        : Initiating transaction rollback
2023-01-16 10:44:12.605 DEBUG 6137 --- [    Test worker] o.s.orm.jpa.JpaTransactionManager        : Rolling back JPA transaction on EntityManager [SessionImpl(122759375<open>)]
2023-01-16 10:44:12.606 DEBUG 6137 --- [    Test worker] o.s.orm.jpa.JpaTransactionManager        : Closing JPA EntityManager [SessionImpl(122759375<open>)] after transaction
2023-01-16 10:44:12.606  INFO 6137 --- [    Test worker] o.s.t.c.transaction.TransactionContext   : Rolled back transaction for test: [DefaultTestContext@5fb97279 testClass = BookmarkControllerTest, testInstance = main027.server.domain.bookmark.controller.BookmarkControllerTest@4feea86f, testMethod = getBookmarkList@BookmarkControllerTest, testException = [null], mergedContextConfiguration = [WebMergedContextConfiguration@439a8f59 testClass = BookmarkControllerTest, locations = '{}', classes = '{class main027.server.ServerApplication}', contextInitializerClasses = '[]', activeProfiles = '{stub}', propertySourceLocations = '{}', propertySourceProperties = '{org.springframework.boot.test.context.SpringBootTestContextBootstrapper=true}', contextCustomizers = set[org.springframework.boot.test.autoconfigure.actuate.metrics.MetricsExportContextCustomizerFactory$DisableMetricExportContextCustomizer@4b3ed2f0, org.springframework.boot.test.autoconfigure.properties.PropertyMappingContextCustomizer@4b3fa0b3, org.springframework.boot.test.autoconfigure.web.servlet.WebDriverContextCustomizerFactory$Customizer@331acdad, [ImportsContextCustomizer@61861a29 key = [org.springframework.boot.test.autoconfigure.web.servlet.MockMvcAutoConfiguration, org.springframework.boot.test.autoconfigure.web.servlet.MockMvcWebClientAutoConfiguration, org.springframework.boot.test.autoconfigure.web.servlet.MockMvcWebDriverAutoConfiguration, org.springframework.boot.autoconfigure.security.oauth2.client.servlet.OAuth2ClientAutoConfiguration, org.springframework.boot.autoconfigure.security.oauth2.resource.servlet.OAuth2ResourceServerAutoConfiguration, org.springframework.boot.autoconfigure.security.servlet.SecurityAutoConfiguration, org.springframework.boot.autoconfigure.security.servlet.SecurityFilterAutoConfiguration, org.springframework.boot.autoconfigure.security.servlet.UserDetailsServiceAutoConfiguration, org.springframework.boot.test.autoconfigure.web.servlet.MockMvcSecurityConfiguration, org.springframework.boot.test.autoconfigure.web.reactive.WebTestClientAutoConfiguration]], org.springframework.boot.test.context.filter.ExcludeFilterContextCustomizer@7cf6a5f9, org.springframework.boot.test.json.DuplicateJsonObjectContextCustomizerFactory$DuplicateJsonObjectContextCustomizer@3d2ee678, org.springframework.boot.test.mock.mockito.MockitoContextCustomizer@0, org.springframework.boot.test.web.client.TestRestTemplateContextCustomizer@73a2e526, org.springframework.boot.test.context.SpringBootTestArgs@1, org.springframework.boot.test.context.SpringBootTestWebEnvironment@4470f8a6], resourceBasePath = 'src/main/webapp', contextLoader = 'org.springframework.boot.test.context.SpringBootContextLoader', parent = [null]], attributes = map['org.springframework.test.context.web.ServletTestExecutionListener.activateListener' -> true, 'org.springframework.test.context.web.ServletTestExecutionListener.populatedRequestContextHolder' -> true, 'org.springframework.test.context.web.ServletTestExecutionListener.resetRequestContextHolder' -> true, 'org.springframework.test.context.event.ApplicationEventsTestExecutionListener.recordApplicationEvents' -> false]]
2023-01-16 10:44:12.609 DEBUG 6137 --- [    Test worker] o.s.orm.jpa.JpaTransactionManager        : Creating new transaction with name [main027.server.domain.bookmark.controller.BookmarkControllerTest.postBookmark]: PROPAGATION_REQUIRED,ISOLATION_DEFAULT
2023-01-16 10:44:12.610 DEBUG 6137 --- [    Test worker] o.s.orm.jpa.JpaTransactionManager        : Opened new EntityManager [SessionImpl(1819271005<open>)] for JPA transaction
2023-01-16 10:44:12.610 DEBUG 6137 --- [    Test worker] o.s.orm.jpa.JpaTransactionManager        : Exposing JPA transaction as JDBC [org.springframework.orm.jpa.vendor.HibernateJpaDialect$HibernateConnectionHandle@187c8f96]
2023-01-16 10:44:12.610  INFO 6137 --- [    Test worker] o.s.t.c.transaction.TransactionContext   : Began transaction (1) for test context [DefaultTestContext@5fb97279 testClass = BookmarkControllerTest, testInstance = main027.server.domain.bookmark.controller.BookmarkControllerTest@592e315e, testMethod = postBookmark@BookmarkControllerTest, testException = [null], mergedContextConfiguration = [WebMergedContextConfiguration@439a8f59 testClass = BookmarkControllerTest, locations = '{}', classes = '{class main027.server.ServerApplication}', contextInitializerClasses = '[]', activeProfiles = '{stub}', propertySourceLocations = '{}', propertySourceProperties = '{org.springframework.boot.test.context.SpringBootTestContextBootstrapper=true}', contextCustomizers = set[org.springframework.boot.test.autoconfigure.actuate.metrics.MetricsExportContextCustomizerFactory$DisableMetricExportContextCustomizer@4b3ed2f0, org.springframework.boot.test.autoconfigure.properties.PropertyMappingContextCustomizer@4b3fa0b3, org.springframework.boot.test.autoconfigure.web.servlet.WebDriverContextCustomizerFactory$Customizer@331acdad, [ImportsContextCustomizer@61861a29 key = [org.springframework.boot.test.autoconfigure.web.servlet.MockMvcAutoConfiguration, org.springframework.boot.test.autoconfigure.web.servlet.MockMvcWebClientAutoConfiguration, org.springframework.boot.test.autoconfigure.web.servlet.MockMvcWebDriverAutoConfiguration, org.springframework.boot.autoconfigure.security.oauth2.client.servlet.OAuth2ClientAutoConfiguration, org.springframework.boot.autoconfigure.security.oauth2.resource.servlet.OAuth2ResourceServerAutoConfiguration, org.springframework.boot.autoconfigure.security.servlet.SecurityAutoConfiguration, org.springframework.boot.autoconfigure.security.servlet.SecurityFilterAutoConfiguration, org.springframework.boot.autoconfigure.security.servlet.UserDetailsServiceAutoConfiguration, org.springframework.boot.test.autoconfigure.web.servlet.MockMvcSecurityConfiguration, org.springframework.boot.test.autoconfigure.web.reactive.WebTestClientAutoConfiguration]], org.springframework.boot.test.context.filter.ExcludeFilterContextCustomizer@7cf6a5f9, org.springframework.boot.test.json.DuplicateJsonObjectContextCustomizerFactory$DuplicateJsonObjectContextCustomizer@3d2ee678, org.springframework.boot.test.mock.mockito.MockitoContextCustomizer@0, org.springframework.boot.test.web.client.TestRestTemplateContextCustomizer@73a2e526, org.springframework.boot.test.context.SpringBootTestArgs@1, org.springframework.boot.test.context.SpringBootTestWebEnvironment@4470f8a6], resourceBasePath = 'src/main/webapp', contextLoader = 'org.springframework.boot.test.context.SpringBootContextLoader', parent = [null]], attributes = map['org.springframework.test.context.web.ServletTestExecutionListener.activateListener' -> true, 'org.springframework.test.context.web.ServletTestExecutionListener.populatedRequestContextHolder' -> true, 'org.springframework.test.context.web.ServletTestExecutionListener.resetRequestContextHolder' -> true, 'org.springframework.test.context.event.ApplicationEventsTestExecutionListener.recordApplicationEvents' -> false]]; transaction manager [org.springframework.orm.jpa.JpaTransactionManager@4250b0c1]; rollback [true]
2023-01-16 10:44:12.612 DEBUG 6137 --- [    Test worker] o.s.orm.jpa.JpaTransactionManager        : Found thread-bound EntityManager [SessionImpl(1819271005<open>)] for JPA transaction
2023-01-16 10:44:12.612 DEBUG 6137 --- [    Test worker] o.s.orm.jpa.JpaTransactionManager        : Participating in existing transaction
2023-01-16 10:44:12.612 TRACE 6137 --- [    Test worker] o.s.t.i.TransactionInterceptor           : Getting transaction for [main027.server.domain.bookmark.service.BookmarkServiceImpl.changeBookmarkStatus]
2023-01-16 10:44:12.612 DEBUG 6137 --- [    Test worker] o.s.orm.jpa.JpaTransactionManager        : Found thread-bound EntityManager [SessionImpl(1819271005<open>)] for JPA transaction
2023-01-16 10:44:12.612 DEBUG 6137 --- [    Test worker] o.s.orm.jpa.JpaTransactionManager        : Participating in existing transaction
2023-01-16 10:44:12.612 TRACE 6137 --- [    Test worker] o.s.t.i.TransactionInterceptor           : Getting transaction for [org.springframework.data.jpa.repository.support.SimpleJpaRepository.findById]
2023-01-16 10:44:12.612 DEBUG 6137 --- [    Test worker] org.hibernate.SQL                        : select member0_.member_id as member_i1_3_0_, member0_.created_at as created_2_3_0_, member0_.modified_at as modified3_3_0_, member0_.email as email4_3_0_, member0_.member_status as member_s5_3_0_, member0_.nick_name as nick_nam6_3_0_, member0_.password as password7_3_0_, roles1_.member_member_id as member_m1_4_1_, roles1_.roles as roles2_4_1_ from member member0_ left outer join member_roles roles1_ on member0_.member_id=roles1_.member_member_id where member0_.member_id=?
2023-01-16 10:44:12.613 TRACE 6137 --- [    Test worker] o.s.t.i.TransactionInterceptor           : Completing transaction for [org.springframework.data.jpa.repository.support.SimpleJpaRepository.findById]
2023-01-16 10:44:12.613 DEBUG 6137 --- [    Test worker] o.s.orm.jpa.JpaTransactionManager        : Found thread-bound EntityManager [SessionImpl(1819271005<open>)] for JPA transaction
2023-01-16 10:44:12.613 DEBUG 6137 --- [    Test worker] o.s.orm.jpa.JpaTransactionManager        : Participating in existing transaction
2023-01-16 10:44:12.613 TRACE 6137 --- [    Test worker] o.s.t.i.TransactionInterceptor           : Getting transaction for [org.springframework.data.jpa.repository.support.SimpleJpaRepository.findById]
2023-01-16 10:44:12.614 DEBUG 6137 --- [    Test worker] org.hibernate.SQL                        : select place0_.place_id as place_id1_5_0_, place0_.created_at as created_2_5_0_, place0_.modified_at as modified3_5_0_, place0_.address as address4_5_0_, place0_.category_id as categor10_5_0_, place0_.description as descript5_5_0_, place0_.kakao_id as kakao_id6_5_0_, place0_.latitude as latitude7_5_0_, place0_.longitude as longitud8_5_0_, place0_.member_id as member_11_5_0_, place0_.name as name9_5_0_, category1_.category_id as category1_1_1_, category1_.name as name2_1_1_, member2_.member_id as member_i1_3_2_, member2_.created_at as created_2_3_2_, member2_.modified_at as modified3_3_2_, member2_.email as email4_3_2_, member2_.member_status as member_s5_3_2_, member2_.nick_name as nick_nam6_3_2_, member2_.password as password7_3_2_, roles3_.member_member_id as member_m1_4_3_, roles3_.roles as roles2_4_3_ from place place0_ left outer join category category1_ on place0_.category_id=category1_.category_id left outer join member member2_ on place0_.member_id=member2_.member_id left outer join member_roles roles3_ on member2_.member_id=roles3_.member_member_id where place0_.place_id=?
2023-01-16 10:44:12.615 TRACE 6137 --- [    Test worker] o.s.t.i.TransactionInterceptor           : Completing transaction for [org.springframework.data.jpa.repository.support.SimpleJpaRepository.findById]
2023-01-16 10:44:12.615 TRACE 6137 --- [    Test worker] o.s.t.i.TransactionInterceptor           : No need to create transaction for [org.springframework.data.jpa.repository.support.SimpleJpaRepository.checkBookmarked]: This method is not transactional.
2023-01-16 10:44:12.616 DEBUG 6137 --- [    Test worker] org.hibernate.SQL                        : select bookmark0_.bookmark_id as bookmark1_0_, bookmark0_.member_id as member_i2_0_, bookmark0_.place_id as place_id3_0_ from bookmark bookmark0_ where bookmark0_.member_id=? and bookmark0_.place_id=?
2023-01-16 10:44:12.616 DEBUG 6137 --- [    Test worker] o.s.orm.jpa.JpaTransactionManager        : Found thread-bound EntityManager [SessionImpl(1819271005<open>)] for JPA transaction
2023-01-16 10:44:12.616 DEBUG 6137 --- [    Test worker] o.s.orm.jpa.JpaTransactionManager        : Participating in existing transaction
2023-01-16 10:44:12.616 TRACE 6137 --- [    Test worker] o.s.t.i.TransactionInterceptor           : Getting transaction for [org.springframework.data.jpa.repository.support.SimpleJpaRepository.save]
2023-01-16 10:44:12.617 DEBUG 6137 --- [    Test worker] org.hibernate.SQL                        : insert into bookmark (bookmark_id, member_id, place_id) values (default, ?, ?)
2023-01-16 10:44:12.617 TRACE 6137 --- [    Test worker] o.s.t.i.TransactionInterceptor           : Completing transaction for [org.springframework.data.jpa.repository.support.SimpleJpaRepository.save]
2023-01-16 10:44:12.617 TRACE 6137 --- [    Test worker] o.s.t.i.TransactionInterceptor           : Completing transaction for [main027.server.domain.bookmark.service.BookmarkServiceImpl.changeBookmarkStatus]
2023-01-16 10:44:12.620 DEBUG 6137 --- [    Test worker] o.s.orm.jpa.JpaTransactionManager        : Initiating transaction rollback
2023-01-16 10:44:12.620 DEBUG 6137 --- [    Test worker] o.s.orm.jpa.JpaTransactionManager        : Rolling back JPA transaction on EntityManager [SessionImpl(1819271005<open>)]
2023-01-16 10:44:12.620 DEBUG 6137 --- [    Test worker] o.s.orm.jpa.JpaTransactionManager        : Closing JPA EntityManager [SessionImpl(1819271005<open>)] after transaction
2023-01-16 10:44:12.620  INFO 6137 --- [    Test worker] o.s.t.c.transaction.TransactionContext   : Rolled back transaction for test: [DefaultTestContext@5fb97279 testClass = BookmarkControllerTest, testInstance = main027.server.domain.bookmark.controller.BookmarkControllerTest@592e315e, testMethod = postBookmark@BookmarkControllerTest, testException = [null], mergedContextConfiguration = [WebMergedContextConfiguration@439a8f59 testClass = BookmarkControllerTest, locations = '{}', classes = '{class main027.server.ServerApplication}', contextInitializerClasses = '[]', activeProfiles = '{stub}', propertySourceLocations = '{}', propertySourceProperties = '{org.springframework.boot.test.context.SpringBootTestContextBootstrapper=true}', contextCustomizers = set[org.springframework.boot.test.autoconfigure.actuate.metrics.MetricsExportContextCustomizerFactory$DisableMetricExportContextCustomizer@4b3ed2f0, org.springframework.boot.test.autoconfigure.properties.PropertyMappingContextCustomizer@4b3fa0b3, org.springframework.boot.test.autoconfigure.web.servlet.WebDriverContextCustomizerFactory$Customizer@331acdad, [ImportsContextCustomizer@61861a29 key = [org.springframework.boot.test.autoconfigure.web.servlet.MockMvcAutoConfiguration, org.springframework.boot.test.autoconfigure.web.servlet.MockMvcWebClientAutoConfiguration, org.springframework.boot.test.autoconfigure.web.servlet.MockMvcWebDriverAutoConfiguration, org.springframework.boot.autoconfigure.security.oauth2.client.servlet.OAuth2ClientAutoConfiguration, org.springframework.boot.autoconfigure.security.oauth2.resource.servlet.OAuth2ResourceServerAutoConfiguration, org.springframework.boot.autoconfigure.security.servlet.SecurityAutoConfiguration, org.springframework.boot.autoconfigure.security.servlet.SecurityFilterAutoConfiguration, org.springframework.boot.autoconfigure.security.servlet.UserDetailsServiceAutoConfiguration, org.springframework.boot.test.autoconfigure.web.servlet.MockMvcSecurityConfiguration, org.springframework.boot.test.autoconfigure.web.reactive.WebTestClientAutoConfiguration]], org.springframework.boot.test.context.filter.ExcludeFilterContextCustomizer@7cf6a5f9, org.springframework.boot.test.json.DuplicateJsonObjectContextCustomizerFactory$DuplicateJsonObjectContextCustomizer@3d2ee678, org.springframework.boot.test.mock.mockito.MockitoContextCustomizer@0, org.springframework.boot.test.web.client.TestRestTemplateContextCustomizer@73a2e526, org.springframework.boot.test.context.SpringBootTestArgs@1, org.springframework.boot.test.context.SpringBootTestWebEnvironment@4470f8a6], resourceBasePath = 'src/main/webapp', contextLoader = 'org.springframework.boot.test.context.SpringBootContextLoader', parent = [null]], attributes = map['org.springframework.test.context.web.ServletTestExecutionListener.activateListener' -> true, 'org.springframework.test.context.web.ServletTestExecutionListener.populatedRequestContextHolder' -> true, 'org.springframework.test.context.web.ServletTestExecutionListener.resetRequestContextHolder' -> true, 'org.springframework.test.context.event.ApplicationEventsTestExecutionListener.recordApplicationEvents' -> false]]
]]></system-out>
  <system-err><![CDATA[]]></system-err>
</testsuite>
